Lancement silencieux en cours... 
==============================================
       Lancement de PokeMinou (RTSP + AI)
==============================================


Lancement du backend AI PokeMinou...
Activation de l'environnement virtuel...
L'interface d'administration Gradio sera disponible sur :
http://10.0.0.30:8095

2026-06-25 17:20:15,782 - Main - INFO - Dťmarrage du systŤme PokeMinou Backend...
2026-06-25 17:20:15,788 - Database - INFO - Base de donnťes SQLite initialisťe ŗ Y:\PokeMinou\Windows\data\pokeminou.db
2026-06-25 17:20:15,788 - AIPipeline - INFO - Initialisation du pipeline IA (YOLOv8 + ReID)...
2026-06-25 17:20:15,879 - ReID - INFO - Chargement du modŤle ResNet50 pour le ReID...
2026-06-25 17:20:16,854 - UI - INFO - Dťmarrage de l'interface Gradio sur http://127.0.0.1:8095
2026-06-25 17:20:17,192 - httpx - INFO - HTTP Request: HEAD https://huggingface.co/api/telemetry/https%3A/api.gradio.app/gradio-initiated-analytics "HTTP/1.1 200 OK"
2026-06-25 17:20:17,441 - httpx - INFO - HTTP Request: GET https://api.gradio.app/pkg-version "HTTP/1.1 200 OK"
Y:\PokeMinou\Windows\venv\Lib\site-packages\gradio\routes.py:1379: StarletteDeprecationWarning: 'HTTP_422_UNPROCESSABLE_ENTITY' is deprecated. Use 'HTTP_422_UNPROCESSABLE_CONTENT' instead.
  return await queue_join_helper(body, request, username)
2026-06-25 17:20:19,200 - httpx - INFO - HTTP Request: GET http://localhost:8095/gradio_api/startup-events "HTTP/1.1 200 OK"
2026-06-25 17:20:21,256 - httpx - INFO - HTTP Request: HEAD http://localhost:8095/ "HTTP/1.1 200 OK"
2026-06-25 17:20:21,261 - RTSPMonitor - INFO - Dťmarrage du radar local RTSP sur : 10.0.0.158:554/live2
2026-06-25 17:20:21,313 - httpx - INFO - HTTP Request: HEAD https://huggingface.co/api/telemetry/https%3A/api.gradio.app/gradio-launched-telemetry "HTTP/1.1 200 OK"
Y:\PokeMinou\Windows\venv\Lib\site-packages\gradio\routes.py:1379: StarletteDeprecationWarning: 'HTTP_422_UNPROCESSABLE_ENTITY' is deprecated. Use 'HTTP_422_UNPROCESSABLE_CONTENT' instead.
  return await queue_join_helper(body, request, username)
2026-06-25 17:20:43,442 - RTSPMonitor - INFO - \U0001f6a8 [MOUVEMENT] Camťra rťveillťe ! Dťmarrage de la capture vidťo ffmpeg...
2026-06-25 17:20:51,491 - RTSPMonitor - INFO - \u2705 [CAPTURE TERMIN…E] Fichier sauvegardť sous stream.mp4.
2026-06-25 17:20:51,491 - RTSPMonitor - INFO - Dťclenchement de l'analyse IA sur le fichier mp4...
2026-06-25 17:20:51,493 - AIPipeline - INFO - Dťmarrage de la sťquence IA...
2026-06-25 17:20:51,493 - AIPipeline - INFO - Extraction d'une frame nette depuis le clip vidťo : Y:\PokeMinou\Windows\data\stream.mp4
2026-06-25 17:20:54,096 - AIPipeline - INFO - Analyse des frames vidťo ŗ la recherche d'un chat...
2026-06-25 17:20:59,309 - AIPipeline - INFO - Aucun chat dťtectť sur l'ensemble du clip. Image ignorťe.
2026-06-25 17:20:59,351 - RTSPMonitor - INFO - \U0001f4a4 [FIN DE MOUVEMENT] La camťra s'est rendormie.
2026-06-25 17:22:40,171 - RTSPMonitor - INFO - \U0001f6a8 [MOUVEMENT] Camťra rťveillťe ! Dťmarrage de la capture vidťo ffmpeg...
2026-06-25 17:22:51,437 - RTSPMonitor - INFO - \u2705 [CAPTURE TERMIN…E] Fichier sauvegardť sous stream.mp4.
2026-06-25 17:22:51,437 - RTSPMonitor - INFO - Dťclenchement de l'analyse IA sur le fichier mp4...
2026-06-25 17:22:51,437 - AIPipeline - INFO - Dťmarrage de la sťquence IA...
2026-06-25 17:22:51,437 - AIPipeline - INFO - Extraction d'une frame nette depuis le clip vidťo : Y:\PokeMinou\Windows\data\stream.mp4
2026-06-25 17:22:53,181 - AIPipeline - INFO - Analyse des frames vidťo ŗ la recherche d'un chat...
2026-06-25 17:22:53,758 - AIPipeline - INFO - \U0001f431 Chat dťtectť avec succŤs ŗ la frame 0 !
2026-06-25 17:22:53,809 - AIPipeline - INFO - Saturation moyenne de l'image : 57.56
2026-06-25 17:22:53,817 - AIPipeline - INFO - Image dťtectťe comme DIURNE. Extraction des features ReID...
2026-06-25 17:22:54,290 - AIPipeline - INFO - Meilleur score de similaritť : 0.74 (Seuil: 0.8)
2026-06-25 17:22:54,290 - AIPipeline - INFO - Aucun chat connu correspondant. Crťation d'un profil temporaire...
2026-06-25 17:22:54,296 - Database - INFO - Profil chat 'Nouveau_20260625_172253' mis ŗ jour/ajoutť (ID: 23)
2026-06-25 17:22:54,302 - Database - INFO - Visite enregistrťe pour cat_id: 23
2026-06-25 17:22:54,302 - AIPipeline - INFO - Cooldown OK. PrÍt pour Firebase Push !
2026-06-25 17:22:54,351 - FirebaseSync - INFO - Upload de Y:\PokeMinou\Windows\data\images\cat_20260625_172253.jpg vers Storage...
2026-06-25 17:22:55,820 - FirebaseSync - INFO - Upload rťussi. URL publique : https://storage.googleapis.com/pokeminou-b2530.firebasestorage.app/cats/cat_20260625_172253.jpg
2026-06-25 17:22:56,294 - FirebaseSync - INFO - Message FCM envoyť avec succŤs : projects/pokeminou-b2530/messages/2358772497337958640
2026-06-25 17:22:56,337 - RTSPMonitor - INFO - \U0001f4a4 [FIN DE MOUVEMENT] La camťra s'est rendormie.
2026-06-25 17:27:12,444 - RTSPMonitor - INFO - \U0001f6a8 [MOUVEMENT] Camťra rťveillťe ! Dťmarrage de la capture vidťo ffmpeg...
2026-06-25 17:27:22,620 - RTSPMonitor - INFO - \u2705 [CAPTURE TERMIN…E] Fichier sauvegardť sous stream.mp4.
2026-06-25 17:27:22,620 - RTSPMonitor - INFO - Dťclenchement de l'analyse IA sur le fichier mp4...
2026-06-25 17:27:22,620 - AIPipeline - INFO - Dťmarrage de la sťquence IA...
2026-06-25 17:27:22,620 - AIPipeline - INFO - Extraction d'une frame nette depuis le clip vidťo : Y:\PokeMinou\Windows\data\stream.mp4
2026-06-25 17:27:23,490 - AIPipeline - INFO - Analyse des frames vidťo ŗ la recherche d'un chat...
2026-06-25 17:27:23,561 - AIPipeline - INFO - \U0001f431 Chat dťtectť avec succŤs ŗ la frame 0 !
2026-06-25 17:27:23,590 - AIPipeline - INFO - Saturation moyenne de l'image : 19.64
2026-06-25 17:27:23,601 - AIPipeline - INFO - Image dťtectťe comme DIURNE. Extraction des features ReID...
2026-06-25 17:27:23,677 - AIPipeline - INFO - Meilleur score de similaritť : 0.82 (Seuil: 0.8)
2026-06-25 17:27:23,677 - AIPipeline - INFO - Chat identifiť : Nouveau_20260625_172253 (ID: 23)
2026-06-25 17:27:23,688 - Database - INFO - Visite enregistrťe pour cat_id: 23
2026-06-25 17:27:23,688 - AIPipeline - INFO - Cooldown OK. PrÍt pour Firebase Push !
2026-06-25 17:27:23,689 - FirebaseSync - INFO - Upload de Y:\PokeMinou\Windows\data\images\cat_20260625_172723.jpg vers Storage...
2026-06-25 17:27:24,337 - FirebaseSync - INFO - Upload rťussi. URL publique : https://storage.googleapis.com/pokeminou-b2530.firebasestorage.app/cats/cat_20260625_172723.jpg
2026-06-25 17:27:24,966 - FirebaseSync - INFO - Message FCM envoyť avec succŤs : projects/pokeminou-b2530/messages/2011792073367150614
2026-06-25 17:27:33,096 - RTSPMonitor - INFO - \U0001f4a4 [FIN DE MOUVEMENT] La camťra s'est rendormie.
