[37m2026-06-23 15:22:25.852[39m[0m[0m	[34m[1mINFO[22m[39m[0m[0m	[1m[37meufy-security-ws[39m[22m[0m[0m	Eufy Security server listening on host localhost, port 3000
[37m2026-06-23 15:22:27.242[39m[0m[0m	[34m[1mINFO[22m[39m[0m[0m	[1m[37meufy-security-ws:eufy-security-client[39m[22m[0m[0m	[push] [generateFid] generateFid d-hxNABujrWsQUz5UuxsJQ
[37m2026-06-23 15:22:27.361[39m[0m[0m	[34m[1mINFO[22m[39m[0m[0m	[1m[37meufy-security-ws:eufy-security-client[39m[22m[0m[0m	[http] [Station.onConnect] Connected to station T8010T1523282BFA on host 10.0.0.158 and port 20641
[37m2026-06-23 15:22:28.828[39m[0m[0m	[34m[1mINFO[22m[39m[0m[0m	[1m[37meufy-security-ws:eufy-security-client[39m[22m[0m[0m	[main] Push notification connection successfully established
[37m2026-06-23 15:46:12.066[39m[0m[0m	[34m[1mINFO[22m[39m[0m[0m	[1m[37meufy-security-ws[39m[22m[0m[0m	Client disconnected with ip: ::1 port: 62581 code: 1006 reason: Abnormal Closure
[37m2026-06-23 15:47:02.099[39m[0m[0m	[34m[1mINFO[22m[39m[0m[0m	[1m[37meufy-security-ws[39m[22m[0m[0m	Eufy Security server listening on host localhost, port 3000
[37m2026-06-23 15:47:03.327[39m[0m[0m	[34m[1mINFO[22m[39m[0m[0m	[1m[37meufy-security-ws:eufy-security-client[39m[22m[0m[0m	[push] [generateFid] generateFid cul4BIVQ_7p4N1mLNu3RNq
[37m2026-06-23 15:47:03.435[39m[0m[0m	[34m[1mINFO[22m[39m[0m[0m	[1m[37meufy-security-ws:eufy-security-client[39m[22m[0m[0m	[http] [Station.onConnect] Connected to station T8010T1523282BFA on host 10.0.0.158 and port 17475
[37m2026-06-23 15:47:04.480[39m[0m[0m	[34m[1mINFO[22m[39m[0m[0m	[1m[37meufy-security-ws:eufy-security-client[39m[22m[0m[0m	[main] Push notification connection successfully established
[37m2026-06-23 15:47:08.774[39m[0m[0m	[33m[1mWARN[22m[39m[0m[0m	[1m[37meufy-security-ws:eufy-security-client[39m[22m[0m[0m	[p2p] [P2PClientProtocol.handleData] P2P protocol instability detected for station T8010T1523282BFA. Please reinitialise the connection to solve the problem!
[37m2026-06-23 15:47:08.774[39m[0m[0m	[33m[1mWARN[22m[39m[0m[0m	[1m[37meufy-security-ws:eufy-security-client[39m[22m[0m[0m	[p2p] [P2PClientProtocol.handleData] P2P protocol instability detected for station T8010T1523282BFA. Please reinitialise the connection to solve the problem!
[37m2026-06-23 15:47:08.790[39m[0m[0m	[33m[1mWARN[22m[39m[0m[0m	[1m[37meufy-security-ws:eufy-security-client[39m[22m[0m[0m	[p2p] [P2PClientProtocol.handleData] P2P protocol instability detected for station T8010T1523282BFA. Please reinitialise the connection to solve the problem!
[37m2026-06-23 15:47:38.679[39m[0m[0m	[33m[1mWARN[22m[39m[0m[0m	[1m[37meufy-security-ws:eufy-security-client[39m[22m[0m[0m	[p2p] [Timeout._onTimeout] Result data for command not received {
  stationSN: [32m'T8010T1523282BFA'[39m,
  message: 
   {
     sequence: [33m1[39m,
     commandType: [33m1350[39m,
     nestedCommandType: [33m1306[39m,
     channel: [33m0[39m,
     acknowledged: [33mtrue[39m,
     retries: [33m0[39m,
     returnCode: undefined,
     data: 
      {
        [32m'0'[39m: [33m209[39m,
        [32m'1'[39m: [33m0[39m,
        [32m'2'[39m: [33m0[39m,
        [32m'3'[39m: [33m1[39m,
        [32m'4'[39m: [33m88[39m,
        [32m'5'[39m: [33m90[39m,
        [32m'6'[39m: [33m89[39m,
        [32m'7'[39m: [33m72[39m,
        [32m'8'[39m: [33m70[39m,
        [32m'9'[39m: [33m5[39m,
        [32m'10'[39m: [33m192[39m,
        [32m'11'[39m: [33m0[39m,
        [32m'12'[39m: [33m0[39m,
        [32m'13'[39m: [33m0[39m,
        [32m'14'[39m: [33m1[39m,
        [32m'15'[39m: [33m0[39m,
        [32m'16'[39m: [33m0[39m,
        [32m'17'[39m: [33m1[39m,
        [32m'18'[39m: [33m0[39m,
        [32m'19'[39m: [33m0[39m,
        [32m'20'[39m: [33m82[39m,
        [32m'21'[39m: [33m208[39m,
        [32m'22'[39m: [33m9[39m,
        [32m'23'[39m: [33m131[39m,
        [32m'24'[39m: [33m58[39m,
        [32m'25'[39m: [33m46[39m,
        [32m'26'[39m: [33m81[39m,
        [32m'27'[39m: [33m108[39m,
        [32m'28'[39m: [33m248[39m,
        [32m'29'[39m: [33m161[39m,
        [32m'30'[39m: [33m198[39m,
        [32m'31'[39m: [33m205[39m,
        [32m'32'[39m: [33m112[39m,
        [32m'33'[39m: [33m219[39m,
        [32m'34'[39m: [33m234[39m,
        [32m'35'[39m: [33m202[39m,
        [32m'36'[39m: [33m250[39m,
        [32m'37'[39m: [33m189[39m,
        [32m'38'[39m: [33m49[39m,
        [32m'39'[39m: [33m17[39m,
        [32m'40'[39m: [33m16[39m,
        [32m'41'[39m: [33m77[39m,
        [32m'42'[39m: [33m3[39m,
        [32m'43'[39m: [33m142[39m,
        [32m'44'[39m: [33m51[39m,
        [32m'45'[39m: [33m108[39m,
        [32m'46'[39m: [33m241[39m,
        [32m'47'[39m: [33m172[39m,
        [32m'48'[39m: [33m26[39m,
        [32m'49'[39m: [33m210[39m,
        [32m'50'[39m: [33m223[39m,
        [32m'51'[39m: [33m119[39m,
        [32m'52'[39m: [33m186[39m,
        [32m'53'[39m: [33m8[39m,
        [32m'54'[39m: [33m33[39m,
        [32m'55'[39m: [33m133[39m,
        [32m'56'[39m: [33m106[39m,
        [32m'57'[39m: [33m190[39m,
        [32m'58'[39m: [33m138[39m,
        [32m'59'[39m: [33m138[39m,
        [32m'60'[39m: [33m60[39m,
        [32m'61'[39m: [33m44[39m,
        [32m'62'[39m: [33m147[39m,
        [32m'63'[39m: [33m75[39m,
        [32m'64'[39m: [33m152[39m,
        [32m'65'[39m: [33m42[39m,
        [32m'66'[39m: [33m48[39m,
        [32m'67'[39m: [33m58[39m,
        [32m'68'[39m: [33m121[39m,
        [32m'69'[39m: [33m196[39m,
        [32m'70'[39m: [33m87[39m,
        [32m'71'[39m: [33m3[39m,
        [32m'72'[39m: [33m148[39m,
        [32m'73'[39m: [33m175[39m,
        [32m'74'[39m: [33m61[39m,
        [32m'75'[39m: [33m5[39m,
        [32m'76'[39m: [33m70[39m,
        [32m'77'[39m: [33m65[39m,
        [32m'78'[39m: [33m186[39m,
        [32m'79'[39m: [33m197[39m,
        [32m'80'[39m: [33m171[39m,
        [32m'81'[39m: [33m203[39m,
        [32m'82'[39m: [33m219[39m,
        [32m'83'[39m: [33m90[39m,
        [32m'84'[39m: [33m124[39m,
        [32m'85'[39m: [33m151[39m,
        [32m'86'[39m: [33m148[39m,
        [32m'87'[39m: [33m45[39m,
        [32m'88'[39m: [33m159[39m,
        [32m'89'[39m: [33m5[39m,
        [32m'90'[39m: [33m155[39m,
        [32m'91'[39m: [33m61[39m,
        [32m'92'[39m: [33m236[39m,
        [32m'93'[39m: [33m47[39m,
        [32m'94'[39m: [33m230[39m,
        [32m'95'[39m: [33m208[39m,
        [32m'96'[39m: [33m243[39m,
        [32m'97'[39m: [33m100[39m,
        [32m'98'[39m: [33m192[39m,
        [32m'99'[39m: [33m104[39m,
        [32m'100'[39m: [33m176[39m,
        [32m'101'[39m: [33m91[39m,
        [32m'102'[39m: [33m19[39m,
        [32m'103'[39m: [33m106[39m,
        [32m'104'[39m: [33m89[39m,
        [32m'105'[39m: [33m197[39m,
        [32m'106'[39m: [33m45[39m,
        [32m'107'[39m: [33m138[39m,
        [32m'108'[39m: [33m161[39m,
        [32m'109'[39m: [33m202[39m,
        [32m'110'[39m: [33m150[39m,
        [32m'111'[39m: [33m199[39m,
        [32m'112'[39m: [33m75[39m,
        [32m'113'[39m: [33m106[39m,
        [32m'114'[39m: [33m111[39m,
        [32m'115'[39m: [33m91[39m,
        [32m'116'[39m: [33m7[39m,
        [32m'117'[39m: [33m254[39m,
        [32m'118'[39m: [33m220[39m,
        [32m'119'[39m: [33m103[39m,
        [32m'120'[39m: [33m25[39m,
        [32m'121'[39m: [33m39[39m,
        [32m'122'[39m: [33m26[39m,
        [32m'123'[39m: [33m158[39m,
        [32m'124'[39m: [33m244[39m,
        [32m'125'[39m: [33m235[39m,
        [32m'126'[39m: [33m122[39m,
        [32m'127'[39m: [33m15[39m,
        [32m'128'[39m: [33m24[39m,
        [32m'129'[39m: [33m71[39m,
        [32m'130'[39m: [33m8[39m,
        [32m'131'[39m: [33m48[39m,
        [32m'132'[39m: [33m115[39m,
        [32m'133'[39m: [33m23[39m,
        [32m'134'[39m: [33m40[39m,
        [32m'135'[39m: [33m243[39m,
        [32m'136'[39m: [33m45[39m,
        [32m'137'[39m: [33m171[39m,
        [32m'138'[39m: [33m201[39m,
        [32m'139'[39m: [33m82[39m,
        [32m'140'[39m: [33m0[39m,
        [32m'141'[39m: [33m60[39m,
        [32m'142'[39m: [33m177[39m,
        [32m'143'[39m: [33m12[39m,
        [32m'144'[39m: [33m45[39m,
        [32m'145'[39m: [33m185[39m,
        [32m'146'[39m: [33m175[39m,
        [32m'147'[39m: [33m33[39m,
        [32m'148'[39m: [33m97[39m,
        [32m'149'[39m: [33m164[39m,
        [32m'150'[39m: [33m137[39m,
        [32m'151'[39m: [33m206[39m,
        [32m'152'[39m: [33m27[39m,
        [32m'153'[39m: [33m177[39m,
        [32m'154'[39m: [33m111[39m,
        [32m'155'[39m: [33m125[39m,
        [32m'156'[39m: [33m82[39m,
        [32m'157'[39m: [33m13[39m,
        [32m'158'[39m: [33m117[39m,
        [32m'159'[39m: [33m140[39m,
        [32m'160'[39m: [33m164[39m,
        [32m'161'[39m: [33m177[39m,
        [32m'162'[39m: [33m171[39m,
        [32m'163'[39m: [33m236[39m,
        [32m'164'[39m: [33m97[39m,
        [32m'165'[39m: [33m173[39m,
        [32m'166'[39m: [33m204[39m,
        [32m'167'[39m: [33m201[39m,
        [32m'168'[39m: [33m149[39m,
        [32m'169'[39m: [33m141[39m,
        [32m'170'[39m: [33m207[39m,
        [32m'171'[39m: [33m229[39m,
        [32m'172'[39m: [33m113[39m,
        [32m'173'[39m: [33m46[39m,
        [32m'174'[39m: [33m102[39m,
        [32m'175'[39m: [33m182[39m,
        [32m'176'[39m: [33m237[39m,
        [32m'177'[39m: [33m154[39m,
        [32m'178'[39m: [33m178[39m,
        [32m'179'[39m: [33m73[39m,
        [32m'180'[39m: [33m206[39m,
        [32m'181'[39m: [33m128[39m,
        [32m'182'[39m: [33m180[39m,
        [32m'183'[39m: [33m70[39m,
        [32m'184'[39m: [33m133[39m,
        [32m'185'[39m: [33m165[39m,
        [32m'186'[39m: [33m21[39m,
        [32m'187'[39m: [33m230[39m,
        [32m'188'[39m: [33m75[39m,
        [32m'189'[39m: [33m122[39m,
        [32m'190'[39m: [33m234[39m,
        [32m'191'[39m: [33m215[39m,
        [32m'192'[39m: [33m144[39m,
        [32m'193'[39m: [33m253[39m,
        [32m'194'[39m: [33m55[39m,
        [32m'195'[39m: [33m136[39m,
        [32m'196'[39m: [33m2[39m,
        [32m'197'[39m: [33m250[39m,
        [32m'198'[39m: [33m29[39m,
        [32m'199'[39m: [33m170[39m,
        [32m'200'[39m: [33m51[39m,
        [32m'201'[39m: [33m199[39m,
        [32m'202'[39m: [33m249[39m,
        [32m'203'[39m: [33m72[39m,
        [32m'204'[39m: [33m209[39m,
        [32m'205'[39m: [33m75[39m,
        [32m'206'[39m: [33m102[39m,
        [32m'207'[39m: [33m152[39m,
        [32m'208'[39m: [33m64[39m,
        [32m'209'[39m: [33m194[39m,
        [32m'210'[39m: [33m98[39m,
        [32m'211'[39m: [33m87[39m 
      } 
   } 
}
[37m2026-06-23 15:47:38.709[39m[0m[0m	[33m[1mWARN[22m[39m[0m[0m	[1m[37meufy-security-ws:eufy-security-client[39m[22m[0m[0m	[p2p] [Timeout._onTimeout] Result data for command not received {
  stationSN: [32m'T8010T1523282BFA'[39m,
  message: 
   {
     sequence: [33m2[39m,
     commandType: [33m1103[39m,
     nestedCommandType: undefined,
     channel: [33m255[39m,
     acknowledged: [33mtrue[39m,
     retries: [33m0[39m,
     returnCode: undefined,
     data: 
      {
        [32m'0'[39m: [33m209[39m,
        [32m'1'[39m: [33m0[39m,
        [32m'2'[39m: [33m0[39m,
        [32m'3'[39m: [33m2[39m,
        [32m'4'[39m: [33m88[39m,
        [32m'5'[39m: [33m90[39m,
        [32m'6'[39m: [33m89[39m,
        [32m'7'[39m: [33m72[39m,
        [32m'8'[39m: [33m79[39m,
        [32m'9'[39m: [33m4[39m,
        [32m'10'[39m: [33m16[39m,
        [32m'11'[39m: [33m0[39m,
        [32m'12'[39m: [33m0[39m,
        [32m'13'[39m: [33m0[39m,
        [32m'14'[39m: [33m1[39m,
        [32m'15'[39m: [33m0[39m,
        [32m'16'[39m: [33m255[39m,
        [32m'17'[39m: [33m1[39m,
        [32m'18'[39m: [33m0[39m,
        [32m'19'[39m: [33m0[39m,
        [32m'20'[39m: [33m198[39m,
        [32m'21'[39m: [33m208[39m,
        [32m'22'[39m: [33m220[39m,
        [32m'23'[39m: [33m28[39m,
        [32m'24'[39m: [33m246[39m,
        [32m'25'[39m: [33m159[39m,
        [32m'26'[39m: [33m125[39m,
        [32m'27'[39m: [33m249[39m,
        [32m'28'[39m: [33m172[39m,
        [32m'29'[39m: [33m74[39m,
        [32m'30'[39m: [33m215[39m,
        [32m'31'[39m: [33m28[39m,
        [32m'32'[39m: [33m251[39m,
        [32m'33'[39m: [33m186[39m,
        [32m'34'[39m: [33m233[39m,
        [32m'35'[39m: [33m34[39m 
      } 
   } 
}
[37m2026-06-23 15:47:38.710[39m[0m[0m	[33m[1mWARN[22m[39m[0m[0m	[1m[37meufy-security-ws:eufy-security-client[39m[22m[0m[0m	[p2p] [Timeout._onTimeout] Result data for command not received {
  stationSN: [32m'T8010T1523282BFA'[39m,
  message: 
   {
     sequence: [33m3[39m,
     commandType: [33m1144[39m,
     nestedCommandType: undefined,
     channel: [33m255[39m,
     acknowledged: [33mtrue[39m,
     retries: [33m0[39m,
     returnCode: undefined,
     data: 
      {
        [32m'0'[39m: [33m209[39m,
        [32m'1'[39m: [33m0[39m,
        [32m'2'[39m: [33m0[39m,
        [32m'3'[39m: [33m3[39m,
        [32m'4'[39m: [33m88[39m,
        [32m'5'[39m: [33m90[39m,
        [32m'6'[39m: [33m89[39m,
        [32m'7'[39m: [33m72[39m,
        [32m'8'[39m: [33m120[39m,
        [32m'9'[39m: [33m4[39m,
        [32m'10'[39m: [33m0[39m,
        [32m'11'[39m: [33m0[39m,
        [32m'12'[39m: [33m0[39m,
        [32m'13'[39m: [33m0[39m,
        [32m'14'[39m: [33m1[39m,
        [32m'15'[39m: [33m0[39m,
        [32m'16'[39m: [33m255[39m,
        [32m'17'[39m: [33m0[39m,
        [32m'18'[39m: [33m0[39m,
        [32m'19'[39m: [33m0[39m 
      } 
   } 
}
[37m2026-06-23 15:47:43.808[39m[0m[0m	[33m[1mWARN[22m[39m[0m[0m	[1m[37meufy-security-ws:eufy-security-client[39m[22m[0m[0m	[p2p] [Timeout._onTimeout] Result data for command not received {
  stationSN: [32m'T8010T1523282BFA'[39m,
  message: 
   {
     sequence: [33m4[39m,
     commandType: [33m1350[39m,
     nestedCommandType: [33m1308[39m,
     channel: [33m255[39m,
     acknowledged: [33mtrue[39m,
     retries: [33m1[39m,
     returnCode: undefined,
     data: 
      {
        [32m'0'[39m: [33m209[39m,
        [32m'1'[39m: [33m0[39m,
        [32m'2'[39m: [33m0[39m,
        [32m'3'[39m: [33m4[39m,
        [32m'4'[39m: [33m88[39m,
        [32m'5'[39m: [33m90[39m,
        [32m'6'[39m: [33m89[39m,
        [32m'7'[39m: [33m72[39m,
        [32m'8'[39m: [33m70[39m,
        [32m'9'[39m: [33m5[39m,
        [32m'10'[39m: [33m224[39m,
        [32m'11'[39m: [33m0[39m,
        [32m'12'[39m: [33m0[39m,
        [32m'13'[39m: [33m0[39m,
        [32m'14'[39m: [33m1[39m,
        [32m'15'[39m: [33m0[39m,
        [32m'16'[39m: [33m255[39m,
        [32m'17'[39m: [33m1[39m,
        [32m'18'[39m: [33m0[39m,
        [32m'19'[39m: [33m0[39m,
        [32m'20'[39m: [33m82[39m,
        [32m'21'[39m: [33m208[39m,
        [32m'22'[39m: [33m9[39m,
        [32m'23'[39m: [33m131[39m,
        [32m'24'[39m: [33m58[39m,
        [32m'25'[39m: [33m46[39m,
        [32m'26'[39m: [33m81[39m,
        [32m'27'[39m: [33m108[39m,
        [32m'28'[39m: [33m248[39m,
        [32m'29'[39m: [33m161[39m,
        [32m'30'[39m: [33m198[39m,
        [32m'31'[39m: [33m205[39m,
        [32m'32'[39m: [33m112[39m,
        [32m'33'[39m: [33m219[39m,
        [32m'34'[39m: [33m234[39m,
        [32m'35'[39m: [33m202[39m,
        [32m'36'[39m: [33m250[39m,
        [32m'37'[39m: [33m189[39m,
        [32m'38'[39m: [33m49[39m,
        [32m'39'[39m: [33m17[39m,
        [32m'40'[39m: [33m16[39m,
        [32m'41'[39m: [33m77[39m,
        [32m'42'[39m: [33m3[39m,
        [32m'43'[39m: [33m142[39m,
        [32m'44'[39m: [33m51[39m,
        [32m'45'[39m: [33m108[39m,
        [32m'46'[39m: [33m241[39m,
        [32m'47'[39m: [33m172[39m,
        [32m'48'[39m: [33m26[39m,
        [32m'49'[39m: [33m210[39m,
        [32m'50'[39m: [33m223[39m,
        [32m'51'[39m: [33m119[39m,
        [32m'52'[39m: [33m186[39m,
        [32m'53'[39m: [33m8[39m,
        [32m'54'[39m: [33m33[39m,
        [32m'55'[39m: [33m133[39m,
        [32m'56'[39m: [33m106[39m,
        [32m'57'[39m: [33m190[39m,
        [32m'58'[39m: [33m138[39m,
        [32m'59'[39m: [33m138[39m,
        [32m'60'[39m: [33m60[39m,
        [32m'61'[39m: [33m44[39m,
        [32m'62'[39m: [33m147[39m,
        [32m'63'[39m: [33m75[39m,
        [32m'64'[39m: [33m152[39m,
        [32m'65'[39m: [33m42[39m,
        [32m'66'[39m: [33m48[39m,
        [32m'67'[39m: [33m58[39m,
        [32m'68'[39m: [33m121[39m,
        [32m'69'[39m: [33m196[39m,
        [32m'70'[39m: [33m87[39m,
        [32m'71'[39m: [33m3[39m,
        [32m'72'[39m: [33m148[39m,
        [32m'73'[39m: [33m175[39m,
        [32m'74'[39m: [33m61[39m,
        [32m'75'[39m: [33m5[39m,
        [32m'76'[39m: [33m70[39m,
        [32m'77'[39m: [33m65[39m,
        [32m'78'[39m: [33m186[39m,
        [32m'79'[39m: [33m197[39m,
        [32m'80'[39m: [33m171[39m,
        [32m'81'[39m: [33m203[39m,
        [32m'82'[39m: [33m219[39m,
        [32m'83'[39m: [33m90[39m,
        [32m'84'[39m: [33m83[39m,
        [32m'85'[39m: [33m143[39m,
        [32m'86'[39m: [33m221[39m,
        [32m'87'[39m: [33m176[39m,
        [32m'88'[39m: [33m13[39m,
        [32m'89'[39m: [33m46[39m,
        [32m'90'[39m: [33m204[39m,
        [32m'91'[39m: [33m23[39m,
        [32m'92'[39m: [33m154[39m,
        [32m'93'[39m: [33m31[39m,
        [32m'94'[39m: [33m56[39m,
        [32m'95'[39m: [33m48[39m,
        [32m'96'[39m: [33m250[39m,
        [32m'97'[39m: [33m250[39m,
        [32m'98'[39m: [33m224[39m,
        [32m'99'[39m: [33m82[39m,
        [32m'100'[39m: [33m32[39m,
        [32m'101'[39m: [33m238[39m,
        [32m'102'[39m: [33m170[39m,
        [32m'103'[39m: [33m229[39m,
        [32m'104'[39m: [33m178[39m,
        [32m'105'[39m: [33m69[39m,
        [32m'106'[39m: [33m55[39m,
        [32m'107'[39m: [33m244[39m,
        [32m'108'[39m: [33m245[39m,
        [32m'109'[39m: [33m98[39m,
        [32m'110'[39m: [33m233[39m,
        [32m'111'[39m: [33m108[39m,
        [32m'112'[39m: [33m107[39m,
        [32m'113'[39m: [33m62[39m,
        [32m'114'[39m: [33m137[39m,
        [32m'115'[39m: [33m16[39m,
        [32m'116'[39m: [33m85[39m,
        [32m'117'[39m: [33m222[39m,
        [32m'118'[39m: [33m75[39m,
        [32m'119'[39m: [33m155[39m,
        [32m'120'[39m: [33m214[39m,
        [32m'121'[39m: [33m29[39m,
        [32m'122'[39m: [33m0[39m,
        [32m'123'[39m: [33m5[39m,
        [32m'124'[39m: [33m29[39m,
        [32m'125'[39m: [33m73[39m,
        [32m'126'[39m: [33m252[39m,
        [32m'127'[39m: [33m20[39m,
        [32m'128'[39m: [33m254[39m,
        [32m'129'[39m: [33m38[39m,
        [32m'130'[39m: [33m7[39m,
        [32m'131'[39m: [33m103[39m,
        [32m'132'[39m: [33m135[39m,
        [32m'133'[39m: [33m44[39m,
        [32m'134'[39m: [33m112[39m,
        [32m'135'[39m: [33m225[39m,
        [32m'136'[39m: [33m2[39m,
        [32m'137'[39m: [33m214[39m,
        [32m'138'[39m: [33m45[39m,
        [32m'139'[39m: [33m156[39m,
        [32m'140'[39m: [33m185[39m,
        [32m'141'[39m: [33m195[39m,
        [32m'142'[39m: [33m219[39m,
        [32m'143'[39m: [33m125[39m,
        [32m'144'[39m: [33m92[39m,
        [32m'145'[39m: [33m248[39m,
        [32m'146'[39m: [33m2[39m,
        [32m'147'[39m: [33m95[39m,
        [32m'148'[39m: [33m98[39m,
        [32m'149'[39m: [33m68[39m,
        [32m'150'[39m: [33m220[39m,
        [32m'151'[39m: [33m112[39m,
        [32m'152'[39m: [33m147[39m,
        [32m'153'[39m: [33m57[39m,
        [32m'154'[39m: [33m137[39m,
        [32m'155'[39m: [33m250[39m,
        [32m'156'[39m: [33m120[39m,
        [32m'157'[39m: [33m192[39m,
        [32m'158'[39m: [33m186[39m,
        [32m'159'[39m: [33m37[39m,
        [32m'160'[39m: [33m44[39m,
        [32m'161'[39m: [33m187[39m,
        [32m'162'[39m: [33m26[39m,
        [32m'163'[39m: [33m202[39m,
        [32m'164'[39m: [33m195[39m,
        [32m'165'[39m: [33m23[39m,
        [32m'166'[39m: [33m32[39m,
        [32m'167'[39m: [33m105[39m,
        [32m'168'[39m: [33m101[39m,
        [32m'169'[39m: [33m131[39m,
        [32m'170'[39m: [33m18[39m,
        [32m'171'[39m: [33m147[39m,
        [32m'172'[39m: [33m178[39m,
        [32m'173'[39m: [33m73[39m,
        [32m'174'[39m: [33m205[39m,
        [32m'175'[39m: [33m238[39m,
        [32m'176'[39m: [33m227[39m,
        [32m'177'[39m: [33m137[39m,
        [32m'178'[39m: [33m121[39m,
        [32m'179'[39m: [33m114[39m,
        [32m'180'[39m: [33m69[39m,
        [32m'181'[39m: [33m18[39m,
        [32m'182'[39m: [33m58[39m,
        [32m'183'[39m: [33m54[39m,
        [32m'184'[39m: [33m16[39m,
        [32m'185'[39m: [33m24[39m,
        [32m'186'[39m: [33m140[39m,
        [32m'187'[39m: [33m79[39m,
        [32m'188'[39m: [33m139[39m,
        [32m'189'[39m: [33m199[39m,
        [32m'190'[39m: [33m39[39m,
        [32m'191'[39m: [33m118[39m,
        [32m'192'[39m: [33m51[39m,
        [32m'193'[39m: [33m12[39m,
        [32m'194'[39m: [33m9[39m,
        [32m'195'[39m: [33m15[39m,
        [32m'196'[39m: [33m135[39m,
        [32m'197'[39m: [33m44[39m,
        [32m'198'[39m: [33m112[39m,
        [32m'199'[39m: [33m225[39m,
        [32m'200'[39m: [33m2[39m,
        [32m'201'[39m: [33m214[39m,
        [32m'202'[39m: [33m45[39m,
        [32m'203'[39m: [33m156[39m,
        [32m'204'[39m: [33m185[39m,
        [32m'205'[39m: [33m195[39m,
        [32m'206'[39m: [33m219[39m,
        [32m'207'[39m: [33m125[39m,
        [32m'208'[39m: [33m92[39m,
        [32m'209'[39m: [33m248[39m,
        [32m'210'[39m: [33m2[39m,
        [32m'211'[39m: [33m95[39m,
        [32m'212'[39m: [33m98[39m,
        [32m'213'[39m: [33m68[39m,
        [32m'214'[39m: [33m220[39m,
        [32m'215'[39m: [33m112[39m,
        [32m'216'[39m: [33m147[39m,
        [32m'217'[39m: [33m57[39m,
        [32m'218'[39m: [33m137[39m,
        [32m'219'[39m: [33m250[39m,
        [32m'220'[39m: [33m120[39m,
        [32m'221'[39m: [33m192[39m,
        [32m'222'[39m: [33m186[39m,
        [32m'223'[39m: [33m37[39m,
        [32m'224'[39m: [33m44[39m,
        [32m'225'[39m: [33m187[39m,
        [32m'226'[39m: [33m26[39m,
        [32m'227'[39m: [33m202[39m,
        [32m'228'[39m: [33m46[39m,
        [32m'229'[39m: [33m94[39m,
        [32m'230'[39m: [33m243[39m,
        [32m'231'[39m: [33m5[39m,
        [32m'232'[39m: [33m197[39m,
        [32m'233'[39m: [33m30[39m,
        [32m'234'[39m: [33m97[39m,
        [32m'235'[39m: [33m113[39m,
        [32m'236'[39m: [33m189[39m,
        [32m'237'[39m: [33m236[39m,
        [32m'238'[39m: [33m94[39m,
        [32m'239'[39m: [33m217[39m,
        [32m'240'[39m: [33m126[39m,
        [32m'241'[39m: [33m190[39m,
        [32m'242'[39m: [33m155[39m,
        [32m'243'[39m: [33m250[39m 
      } 
   } 
}
[37m2026-06-23 15:52:38.917[39m[0m[0m	[33m[1mWARN[22m[39m[0m[0m	[1m[37meufy-security-ws:eufy-security-client[39m[22m[0m[0m	[p2p] [P2PClientProtocol.sendPing] Heartbeat check failed for station T8010T1523282BFA. Connection seems lost. Try to reconnect...
[37m2026-06-23 15:52:38.918[39m[0m[0m	[34m[1mINFO[22m[39m[0m[0m	[1m[37meufy-security-ws:eufy-security-client[39m[22m[0m[0m	[http] [Station.onDisconnect] Disconnected from station T8010T1523282BFA
[37m2026-06-23 15:53:08.977[39m[0m[0m	[33m[1mWARN[22m[39m[0m[0m	[1m[37meufy-security-ws:eufy-security-client[39m[22m[0m[0m	[p2p] [Timeout._onTimeout] Tried all hosts, no connection could be established to station T8010T1523282BFA.
[37m2026-06-23 15:53:08.977[39m[0m[0m	[34m[1mINFO[22m[39m[0m[0m	[1m[37meufy-security-ws:eufy-security-client[39m[22m[0m[0m	[http] [Station.onTimeout] Timeout connecting to station T8010T1523282BFA
[37m2026-06-23 15:53:19.096[39m[0m[0m	[34m[1mINFO[22m[39m[0m[0m	[1m[37meufy-security-ws:eufy-security-client[39m[22m[0m[0m	[http] [Station.onConnect] Connected to station T8010T1523282BFA on host 10.0.0.158 and port 12882
[37m2026-06-23 15:53:24.389[39m[0m[0m	[33m[1mWARN[22m[39m[0m[0m	[1m[37meufy-security-ws:eufy-security-client[39m[22m[0m[0m	[p2p] [P2PClientProtocol.handleData] P2P protocol instability detected for station T8010T1523282BFA. Please reinitialise the connection to solve the problem!
[37m2026-06-23 15:53:24.425[39m[0m[0m	[33m[1mWARN[22m[39m[0m[0m	[1m[37meufy-security-ws:eufy-security-client[39m[22m[0m[0m	[p2p] [P2PClientProtocol.handleData] P2P protocol instability detected for station T8010T1523282BFA. Please reinitialise the connection to solve the problem!
[37m2026-06-23 15:53:54.368[39m[0m[0m	[33m[1mWARN[22m[39m[0m[0m	[1m[37meufy-security-ws:eufy-security-client[39m[22m[0m[0m	[p2p] [Timeout._onTimeout] Result data for command not received {
  stationSN: [32m'T8010T1523282BFA'[39m,
  message: 
   {
     sequence: [33m1[39m,
     commandType: [33m1350[39m,
     nestedCommandType: [33m1306[39m,
     channel: [33m0[39m,
     acknowledged: [33mtrue[39m,
     retries: [33m0[39m,
     returnCode: undefined,
     data: 
      {
        [32m'0'[39m: [33m209[39m,
        [32m'1'[39m: [33m0[39m,
        [32m'2'[39m: [33m0[39m,
        [32m'3'[39m: [33m1[39m,
        [32m'4'[39m: [33m88[39m,
        [32m'5'[39m: [33m90[39m,
        [32m'6'[39m: [33m89[39m,
        [32m'7'[39m: [33m72[39m,
        [32m'8'[39m: [33m70[39m,
        [32m'9'[39m: [33m5[39m,
        [32m'10'[39m: [33m192[39m,
        [32m'11'[39m: [33m0[39m,
        [32m'12'[39m: [33m0[39m,
        [32m'13'[39m: [33m0[39m,
        [32m'14'[39m: [33m1[39m,
        [32m'15'[39m: [33m0[39m,
        [32m'16'[39m: [33m0[39m,
        [32m'17'[39m: [33m1[39m,
        [32m'18'[39m: [33m0[39m,
        [32m'19'[39m: [33m0[39m,
        [32m'20'[39m: [33m82[39m,
        [32m'21'[39m: [33m208[39m,
        [32m'22'[39m: [33m9[39m,
        [32m'23'[39m: [33m131[39m,
        [32m'24'[39m: [33m58[39m,
        [32m'25'[39m: [33m46[39m,
        [32m'26'[39m: [33m81[39m,
        [32m'27'[39m: [33m108[39m,
        [32m'28'[39m: [33m248[39m,
        [32m'29'[39m: [33m161[39m,
        [32m'30'[39m: [33m198[39m,
        [32m'31'[39m: [33m205[39m,
        [32m'32'[39m: [33m112[39m,
        [32m'33'[39m: [33m219[39m,
        [32m'34'[39m: [33m234[39m,
        [32m'35'[39m: [33m202[39m,
        [32m'36'[39m: [33m250[39m,
        [32m'37'[39m: [33m189[39m,
        [32m'38'[39m: [33m49[39m,
        [32m'39'[39m: [33m17[39m,
        [32m'40'[39m: [33m16[39m,
        [32m'41'[39m: [33m77[39m,
        [32m'42'[39m: [33m3[39m,
        [32m'43'[39m: [33m142[39m,
        [32m'44'[39m: [33m51[39m,
        [32m'45'[39m: [33m108[39m,
        [32m'46'[39m: [33m241[39m,
        [32m'47'[39m: [33m172[39m,
        [32m'48'[39m: [33m26[39m,
        [32m'49'[39m: [33m210[39m,
        [32m'50'[39m: [33m223[39m,
        [32m'51'[39m: [33m119[39m,
        [32m'52'[39m: [33m186[39m,
        [32m'53'[39m: [33m8[39m,
        [32m'54'[39m: [33m33[39m,
        [32m'55'[39m: [33m133[39m,
        [32m'56'[39m: [33m106[39m,
        [32m'57'[39m: [33m190[39m,
        [32m'58'[39m: [33m138[39m,
        [32m'59'[39m: [33m138[39m,
        [32m'60'[39m: [33m60[39m,
        [32m'61'[39m: [33m44[39m,
        [32m'62'[39m: [33m147[39m,
        [32m'63'[39m: [33m75[39m,
        [32m'64'[39m: [33m152[39m,
        [32m'65'[39m: [33m42[39m,
        [32m'66'[39m: [33m48[39m,
        [32m'67'[39m: [33m58[39m,
        [32m'68'[39m: [33m121[39m,
        [32m'69'[39m: [33m196[39m,
        [32m'70'[39m: [33m87[39m,
        [32m'71'[39m: [33m3[39m,
        [32m'72'[39m: [33m148[39m,
        [32m'73'[39m: [33m175[39m,
        [32m'74'[39m: [33m61[39m,
        [32m'75'[39m: [33m5[39m,
        [32m'76'[39m: [33m70[39m,
        [32m'77'[39m: [33m65[39m,
        [32m'78'[39m: [33m186[39m,
        [32m'79'[39m: [33m197[39m,
        [32m'80'[39m: [33m171[39m,
        [32m'81'[39m: [33m203[39m,
        [32m'82'[39m: [33m219[39m,
        [32m'83'[39m: [33m90[39m,
        [32m'84'[39m: [33m124[39m,
        [32m'85'[39m: [33m151[39m,
        [32m'86'[39m: [33m148[39m,
        [32m'87'[39m: [33m45[39m,
        [32m'88'[39m: [33m159[39m,
        [32m'89'[39m: [33m5[39m,
        [32m'90'[39m: [33m155[39m,
        [32m'91'[39m: [33m61[39m,
        [32m'92'[39m: [33m236[39m,
        [32m'93'[39m: [33m47[39m,
        [32m'94'[39m: [33m230[39m,
        [32m'95'[39m: [33m208[39m,
        [32m'96'[39m: [33m243[39m,
        [32m'97'[39m: [33m100[39m,
        [32m'98'[39m: [33m192[39m,
        [32m'99'[39m: [33m104[39m,
        [32m'100'[39m: [33m176[39m,
        [32m'101'[39m: [33m91[39m,
        [32m'102'[39m: [33m19[39m,
        [32m'103'[39m: [33m106[39m,
        [32m'104'[39m: [33m89[39m,
        [32m'105'[39m: [33m197[39m,
        [32m'106'[39m: [33m45[39m,
        [32m'107'[39m: [33m138[39m,
        [32m'108'[39m: [33m161[39m,
        [32m'109'[39m: [33m202[39m,
        [32m'110'[39m: [33m150[39m,
        [32m'111'[39m: [33m199[39m,
        [32m'112'[39m: [33m75[39m,
        [32m'113'[39m: [33m106[39m,
        [32m'114'[39m: [33m111[39m,
        [32m'115'[39m: [33m91[39m,
        [32m'116'[39m: [33m7[39m,
        [32m'117'[39m: [33m254[39m,
        [32m'118'[39m: [33m220[39m,
        [32m'119'[39m: [33m103[39m,
        [32m'120'[39m: [33m25[39m,
        [32m'121'[39m: [33m39[39m,
        [32m'122'[39m: [33m26[39m,
        [32m'123'[39m: [33m158[39m,
        [32m'124'[39m: [33m244[39m,
        [32m'125'[39m: [33m235[39m,
        [32m'126'[39m: [33m122[39m,
        [32m'127'[39m: [33m15[39m,
        [32m'128'[39m: [33m24[39m,
        [32m'129'[39m: [33m71[39m,
        [32m'130'[39m: [33m8[39m,
        [32m'131'[39m: [33m48[39m,
        [32m'132'[39m: [33m115[39m,
        [32m'133'[39m: [33m23[39m,
        [32m'134'[39m: [33m40[39m,
        [32m'135'[39m: [33m243[39m,
        [32m'136'[39m: [33m45[39m,
        [32m'137'[39m: [33m171[39m,
        [32m'138'[39m: [33m201[39m,
        [32m'139'[39m: [33m82[39m,
        [32m'140'[39m: [33m0[39m,
        [32m'141'[39m: [33m60[39m,
        [32m'142'[39m: [33m177[39m,
        [32m'143'[39m: [33m12[39m,
        [32m'144'[39m: [33m45[39m,
        [32m'145'[39m: [33m185[39m,
        [32m'146'[39m: [33m175[39m,
        [32m'147'[39m: [33m33[39m,
        [32m'148'[39m: [33m97[39m,
        [32m'149'[39m: [33m164[39m,
        [32m'150'[39m: [33m137[39m,
        [32m'151'[39m: [33m206[39m,
        [32m'152'[39m: [33m27[39m,
        [32m'153'[39m: [33m177[39m,
        [32m'154'[39m: [33m111[39m,
        [32m'155'[39m: [33m125[39m,
        [32m'156'[39m: [33m82[39m,
        [32m'157'[39m: [33m13[39m,
        [32m'158'[39m: [33m117[39m,
        [32m'159'[39m: [33m140[39m,
        [32m'160'[39m: [33m164[39m,
        [32m'161'[39m: [33m177[39m,
        [32m'162'[39m: [33m171[39m,
        [32m'163'[39m: [33m236[39m,
        [32m'164'[39m: [33m97[39m,
        [32m'165'[39m: [33m173[39m,
        [32m'166'[39m: [33m204[39m,
        [32m'167'[39m: [33m201[39m,
        [32m'168'[39m: [33m149[39m,
        [32m'169'[39m: [33m141[39m,
        [32m'170'[39m: [33m207[39m,
        [32m'171'[39m: [33m229[39m,
        [32m'172'[39m: [33m113[39m,
        [32m'173'[39m: [33m46[39m,
        [32m'174'[39m: [33m102[39m,
        [32m'175'[39m: [33m182[39m,
        [32m'176'[39m: [33m237[39m,
        [32m'177'[39m: [33m154[39m,
        [32m'178'[39m: [33m178[39m,
        [32m'179'[39m: [33m73[39m,
        [32m'180'[39m: [33m141[39m,
        [32m'181'[39m: [33m159[39m,
        [32m'182'[39m: [33m15[39m,
        [32m'183'[39m: [33m111[39m,
        [32m'184'[39m: [33m40[39m,
        [32m'185'[39m: [33m86[39m,
        [32m'186'[39m: [33m188[39m,
        [32m'187'[39m: [33m192[39m,
        [32m'188'[39m: [33m36[39m,
        [32m'189'[39m: [33m146[39m,
        [32m'190'[39m: [33m145[39m,
        [32m'191'[39m: [33m187[39m,
        [32m'192'[39m: [33m241[39m,
        [32m'193'[39m: [33m178[39m,
        [32m'194'[39m: [33m65[39m,
        [32m'195'[39m: [33m168[39m,
        [32m'196'[39m: [33m2[39m,
        [32m'197'[39m: [33m250[39m,
        [32m'198'[39m: [33m29[39m,
        [32m'199'[39m: [33m170[39m,
        [32m'200'[39m: [33m51[39m,
        [32m'201'[39m: [33m199[39m,
        [32m'202'[39m: [33m249[39m,
        [32m'203'[39m: [33m72[39m,
        [32m'204'[39m: [33m209[39m,
        [32m'205'[39m: [33m75[39m,
        [32m'206'[39m: [33m102[39m,
        [32m'207'[39m: [33m152[39m,
        [32m'208'[39m: [33m64[39m,
        [32m'209'[39m: [33m194[39m,
        [32m'210'[39m: [33m98[39m,
        [32m'211'[39m: [33m87[39m 
      } 
   } 
}
[37m2026-06-23 15:53:54.384[39m[0m[0m	[33m[1mWARN[22m[39m[0m[0m	[1m[37meufy-security-ws:eufy-security-client[39m[22m[0m[0m	[p2p] [Timeout._onTimeout] Result data for command not received {
  stationSN: [32m'T8010T1523282BFA'[39m,
  message: 
   {
     sequence: [33m2[39m,
     commandType: [33m1103[39m,
     nestedCommandType: undefined,
     channel: [33m255[39m,
     acknowledged: [33mtrue[39m,
     retries: [33m0[39m,
     returnCode: undefined,
     data: 
      {
        [32m'0'[39m: [33m209[39m,
        [32m'1'[39m: [33m0[39m,
        [32m'2'[39m: [33m0[39m,
        [32m'3'[39m: [33m2[39m,
        [32m'4'[39m: [33m88[39m,
        [32m'5'[39m: [33m90[39m,
        [32m'6'[39m: [33m89[39m,
        [32m'7'[39m: [33m72[39m,
        [32m'8'[39m: [33m79[39m,
        [32m'9'[39m: [33m4[39m,
        [32m'10'[39m: [33m16[39m,
        [32m'11'[39m: [33m0[39m,
        [32m'12'[39m: [33m0[39m,
        [32m'13'[39m: [33m0[39m,
        [32m'14'[39m: [33m1[39m,
        [32m'15'[39m: [33m0[39m,
        [32m'16'[39m: [33m255[39m,
        [32m'17'[39m: [33m1[39m,
        [32m'18'[39m: [33m0[39m,
        [32m'19'[39m: [33m0[39m,
        [32m'20'[39m: [33m198[39m,
        [32m'21'[39m: [33m208[39m,
        [32m'22'[39m: [33m220[39m,
        [32m'23'[39m: [33m28[39m,
        [32m'24'[39m: [33m246[39m,
        [32m'25'[39m: [33m159[39m,
        [32m'26'[39m: [33m125[39m,
        [32m'27'[39m: [33m249[39m,
        [32m'28'[39m: [33m172[39m,
        [32m'29'[39m: [33m74[39m,
        [32m'30'[39m: [33m215[39m,
        [32m'31'[39m: [33m28[39m,
        [32m'32'[39m: [33m251[39m,
        [32m'33'[39m: [33m186[39m,
        [32m'34'[39m: [33m233[39m,
        [32m'35'[39m: [33m34[39m 
      } 
   } 
}
[37m2026-06-23 15:53:54.400[39m[0m[0m	[33m[1mWARN[22m[39m[0m[0m	[1m[37meufy-security-ws:eufy-security-client[39m[22m[0m[0m	[p2p] [Timeout._onTimeout] Result data for command not received {
  stationSN: [32m'T8010T1523282BFA'[39m,
  message: 
   {
     sequence: [33m3[39m,
     commandType: [33m1144[39m,
     nestedCommandType: undefined,
     channel: [33m255[39m,
     acknowledged: [33mtrue[39m,
     retries: [33m0[39m,
     returnCode: undefined,
     data: 
      {
        [32m'0'[39m: [33m209[39m,
        [32m'1'[39m: [33m0[39m,
        [32m'2'[39m: [33m0[39m,
        [32m'3'[39m: [33m3[39m,
        [32m'4'[39m: [33m88[39m,
        [32m'5'[39m: [33m90[39m,
        [32m'6'[39m: [33m89[39m,
        [32m'7'[39m: [33m72[39m,
        [32m'8'[39m: [33m120[39m,
        [32m'9'[39m: [33m4[39m,
        [32m'10'[39m: [33m0[39m,
        [32m'11'[39m: [33m0[39m,
        [32m'12'[39m: [33m0[39m,
        [32m'13'[39m: [33m0[39m,
        [32m'14'[39m: [33m1[39m,
        [32m'15'[39m: [33m0[39m,
        [32m'16'[39m: [33m255[39m,
        [32m'17'[39m: [33m0[39m,
        [32m'18'[39m: [33m0[39m,
        [32m'19'[39m: [33m0[39m 
      } 
   } 
}
[37m2026-06-23 16:00:49.218[39m[0m[0m	[34m[1mINFO[22m[39m[0m[0m	[1m[37meufy-security-ws[39m[22m[0m[0m	Client disconnected with ip: ::1 port: 64690 code: 1006 reason: Abnormal Closure
[37m2026-06-23 16:03:03.424[39m[0m[0m	[34m[1mINFO[22m[39m[0m[0m	[1m[37meufy-security-ws[39m[22m[0m[0m	Eufy Security server listening on host localhost, port 3000
[37m2026-06-23 16:03:04.495[39m[0m[0m	[34m[1mINFO[22m[39m[0m[0m	[1m[37meufy-security-ws:eufy-security-client[39m[22m[0m[0m	[push] [generateFid] generateFid ewvR2C8WKxQr9Pc1-W0yv9
[37m2026-06-23 16:03:04.615[39m[0m[0m	[34m[1mINFO[22m[39m[0m[0m	[1m[37meufy-security-ws:eufy-security-client[39m[22m[0m[0m	[http] [Station.onConnect] Connected to station T8010T1523282BFA on host 10.0.0.158 and port 22943
[37m2026-06-23 16:03:05.628[39m[0m[0m	[34m[1mINFO[22m[39m[0m[0m	[1m[37meufy-security-ws:eufy-security-client[39m[22m[0m[0m	[main] Push notification connection successfully established
[37m2026-06-23 16:07:41.196[39m[0m[0m	[34m[1mINFO[22m[39m[0m[0m	[1m[37meufy-security-ws[39m[22m[0m[0m	Client disconnected with ip: ::1 port: 49696 code: 1006 reason: Abnormal Closure
[37m2026-06-23 16:10:49.999[39m[0m[0m	[34m[1mINFO[22m[39m[0m[0m	[1m[37meufy-security-ws:eufy-security-client[39m[22m[0m[0m	[main] [EufySecurity._initializeInternals] Country property changed, invalidate saved cloud token.
[37m2026-06-23 16:10:50.294[39m[0m[0m	[34m[1mINFO[22m[39m[0m[0m	[1m[37meufy-security-ws[39m[22m[0m[0m	Eufy Security server listening on host localhost, port 3000
[37m2026-06-23 16:10:51.269[39m[0m[0m	[34m[1mINFO[22m[39m[0m[0m	[1m[37meufy-security-ws:eufy-security-client[39m[22m[0m[0m	[push] [generateFid] generateFid fGdEgl0EIThIV-4-ZGRYtd
[37m2026-06-23 16:10:51.382[39m[0m[0m	[34m[1mINFO[22m[39m[0m[0m	[1m[37meufy-security-ws:eufy-security-client[39m[22m[0m[0m	[http] [Station.onConnect] Connected to station T8010T1523282BFA on host 10.0.0.158 and port 26910
[37m2026-06-23 16:10:52.461[39m[0m[0m	[34m[1mINFO[22m[39m[0m[0m	[1m[37meufy-security-ws:eufy-security-client[39m[22m[0m[0m	[main] Push notification connection successfully established
[37m2026-06-23 16:15:38.772[39m[0m[0m	[34m[1mINFO[22m[39m[0m[0m	[1m[37meufy-security-ws[39m[22m[0m[0m	Client disconnected with ip: ::1 port: 50434 code: 1006 reason: Abnormal Closure
[37m2026-06-23 16:19:13.370[39m[0m[0m	[34m[1mINFO[22m[39m[0m[0m	[1m[37meufy-security-ws[39m[22m[0m[0m	Eufy Security server listening on host localhost, port 3000
[37m2026-06-23 16:19:14.377[39m[0m[0m	[34m[1mINFO[22m[39m[0m[0m	[1m[37meufy-security-ws:eufy-security-client[39m[22m[0m[0m	[push] [generateFid] generateFid crrCFzrmCXCS8YvzJtuIoU
[37m2026-06-23 16:19:14.484[39m[0m[0m	[34m[1mINFO[22m[39m[0m[0m	[1m[37meufy-security-ws:eufy-security-client[39m[22m[0m[0m	[http] [Station.onConnect] Connected to station T8010T1523282BFA on host 10.0.0.158 and port 23890
[37m2026-06-23 16:19:15.433[39m[0m[0m	[34m[1mINFO[22m[39m[0m[0m	[1m[37meufy-security-ws:eufy-security-client[39m[22m[0m[0m	[main] Push notification connection successfully established
